<?xml version="1.0" encoding="UTF-8"?>
<testsuite xmlns:xsi="http://www.w3.org/2001/XMLSchema-instance" xsi:noNamespaceSchemaLocation="https://maven.apache.org/surefire/maven-surefire-plugin/xsd/surefire-test-report-3.0.xsd" version="3.0" name="br.com.incaas.service.ProcessoJudicialServiceTest" time="0.111" tests="6" errors="0" skipped="0" failures="0">
  <properties>
[...]
</properties>
  <testcase name="deveListarTodosOsProcessosJudiciais" classname="br.com.incaas.service.ProcessoJudicialServiceTest" time="0.011"/>
  <testcase name="deveFiltrarProcessosPorStatusEComarca" classname="br.com.incaas.service.ProcessoJudicialServiceTest" time="0.012"/>
  <testcase name="deveBuscarProcessoPorId" classname="br.com.incaas.service.ProcessoJudicialServiceTest" time="0.013"/>
  <testcase name="deveDeletarProcessoJudicial" classname="br.com.incaas.service.ProcessoJudicialServiceTest" time="0.034"/>
  <testcase name="deveSalvarProcessoJudicial" classname="br.com.incaas.service.ProcessoJudicialServiceTest" time="0.014"/>
  <testcase name="deveAtualizarProcessoJudicial" classname="br.com.incaas.service.ProcessoJudicialServiceTest" time="0.009"/>
</testsuite>